Starting ProductInfoServiceImplTest on WIN10-706241936 with PID 13144 (started by Administrator in E:\IDEA workpace\sell)
No active profile set, falling back to default profiles: default
Starting ProductInfoServiceImplTest on WIN10-706241936 with PID 8312 (started by Administrator in E:\IDEA workpace\sell)
No active profile set, falling back to default profiles: default
Bootstrapping Spring Data repositories in DEFAULT mode.
Finished Spring Data repository scanning in 195ms. Found 5 repository interfaces.
Bean 'org.springframework.transaction.annotation.ProxyTransactionManagementConfiguration' of type [org.springframework.transaction.annotation.ProxyTransactionManagementConfiguration$$EnhancerBySpringCGLIB$$f22d6438] is not eligible for getting processed by all BeanPostProcessors (for example: not eligible for auto-proxying)
HikariPool-1 - Starting...
HikariPool-1 - Start completed.
HHH000204: Processing PersistenceUnitInfo [
	name: default
	...]
HHH000412: Hibernate Core {5.3.7.Final}
HHH000206: hibernate.properties not found
HCANN000001: Hibernate Commons Annotations {5.0.4.Final}
HHH000400: Using dialect: org.hibernate.dialect.MySQL5Dialect
Initialized JPA EntityManagerFactory for persistence unit 'default'
Initializing ExecutorService 'applicationTaskExecutor'
Started ProductInfoServiceImplTest in 14.203 seconds (JVM running for 17.155)
HHH000397: Using ASTQueryTranslatorFactory
Shutting down ExecutorService 'applicationTaskExecutor'
Closing JPA EntityManagerFactory for persistence unit 'default'
HikariPool-1 - Shutdown initiated...
HikariPool-1 - Shutdown completed.
Starting ProductInfoServiceImplTest on WIN10-706241936 with PID 10168 (started by Administrator in E:\IDEA workpace\sell)
No active profile set, falling back to default profiles: default
Bootstrapping Spring Data repositories in DEFAULT mode.
Finished Spring Data repository scanning in 182ms. Found 5 repository interfaces.
Bean 'org.springframework.transaction.annotation.ProxyTransactionManagementConfiguration' of type [org.springframework.transaction.annotation.ProxyTransactionManagementConfiguration$$EnhancerBySpringCGLIB$$db2b2bf7] is not eligible for getting processed by all BeanPostProcessors (for example: not eligible for auto-proxying)
HikariPool-1 - Starting...
HikariPool-1 - Start completed.
HHH000204: Processing PersistenceUnitInfo [
	name: default
	...]
HHH000412: Hibernate Core {5.3.7.Final}
HHH000206: hibernate.properties not found
HCANN000001: Hibernate Commons Annotations {5.0.4.Final}
HHH000400: Using dialect: org.hibernate.dialect.MySQL5Dialect
Initialized JPA EntityManagerFactory for persistence unit 'default'
Initializing ExecutorService 'applicationTaskExecutor'
Started ProductInfoServiceImplTest in 13.565 seconds (JVM running for 16.493)
HHH000397: Using ASTQueryTranslatorFactory
Shutting down ExecutorService 'applicationTaskExecutor'
Closing JPA EntityManagerFactory for persistence unit 'default'
HikariPool-1 - Shutdown initiated...
HikariPool-1 - Shutdown completed.
Starting ProductInfoServiceImplTest on WIN10-706241936 with PID 13864 (started by Administrator in E:\IDEA workpace\sell)
No active profile set, falling back to default profiles: default
Bootstrapping Spring Data repositories in DEFAULT mode.
Finished Spring Data repository scanning in 138ms. Found 5 repository interfaces.
Bean 'org.springframework.transaction.annotation.ProxyTransactionManagementConfiguration' of type [org.springframework.transaction.annotation.ProxyTransactionManagementConfiguration$$EnhancerBySpringCGLIB$$77f0a62e] is not eligible for getting processed by all BeanPostProcessors (for example: not eligible for auto-proxying)
HikariPool-1 - Starting...
HikariPool-1 - Start completed.
HHH000204: Processing PersistenceUnitInfo [
	name: default
	...]
HHH000412: Hibernate Core {5.3.7.Final}
HHH000206: hibernate.properties not found
HCANN000001: Hibernate Commons Annotations {5.0.4.Final}
HHH000400: Using dialect: org.hibernate.dialect.MySQL5Dialect
Initialized JPA EntityManagerFactory for persistence unit 'default'
Closing JPA EntityManagerFactory for persistence unit 'default'
HikariPool-1 - Shutdown initiated...
HikariPool-1 - Shutdown completed.


Error starting ApplicationContext. To display the conditions report re-run your application with 'debug' enabled.
Starting ProductInfoServiceImplTest on WIN10-706241936 with PID 5184 (started by Administrator in E:\IDEA workpace\sell)
No active profile set, falling back to default profiles: default
Bootstrapping Spring Data repositories in DEFAULT mode.
Finished Spring Data repository scanning in 189ms. Found 5 repository interfaces.
Bean 'org.springframework.transaction.annotation.ProxyTransactionManagementConfiguration' of type [org.springframework.transaction.annotation.ProxyTransactionManagementConfiguration$$EnhancerBySpringCGLIB$$db2b2bf7] is not eligible for getting processed by all BeanPostProcessors (for example: not eligible for auto-proxying)
HikariPool-1 - Starting...
HikariPool-1 - Start completed.
HHH000204: Processing PersistenceUnitInfo [
	name: default
	...]
HHH000412: Hibernate Core {5.3.7.Final}
HHH000206: hibernate.properties not found
HCANN000001: Hibernate Commons Annotations {5.0.4.Final}
HHH000400: Using dialect: org.hibernate.dialect.MySQL5Dialect
Initialized JPA EntityManagerFactory for persistence unit 'default'
Initializing ExecutorService 'applicationTaskExecutor'
Started ProductInfoServiceImplTest in 12.453 seconds (JVM running for 14.855)
HHH000397: Using ASTQueryTranslatorFactory
Shutting down ExecutorService 'applicationTaskExecutor'
Closing JPA EntityManagerFactory for persistence unit 'default'
HikariPool-1 - Shutdown initiated...
HikariPool-1 - Shutdown completed.
Starting ProductInfoServiceImplTest on WIN10-706241936 with PID 18812 (started by Administrator in E:\IDEA workpace\sell)
No active profile set, falling back to default profiles: default
Bootstrapping Spring Data repositories in DEFAULT mode.
Finished Spring Data repository scanning in 269ms. Found 5 repository interfaces.
Bean 'org.springframework.transaction.annotation.ProxyTransactionManagementConfiguration' of type [org.springframework.transaction.annotation.ProxyTransactionManagementConfiguration$$EnhancerBySpringCGLIB$$394ea316] is not eligible for getting processed by all BeanPostProcessors (for example: not eligible for auto-proxying)
HikariPool-1 - Starting...
HikariPool-1 - Start completed.
HHH000204: Processing PersistenceUnitInfo [
	name: default
	...]
HHH000412: Hibernate Core {5.3.7.Final}
HHH000206: hibernate.properties not found
HCANN000001: Hibernate Commons Annotations {5.0.4.Final}
HHH000400: Using dialect: org.hibernate.dialect.MySQL5Dialect
Initialized JPA EntityManagerFactory for persistence unit 'default'
Initializing ExecutorService 'applicationTaskExecutor'
Started ProductInfoServiceImplTest in 14.521 seconds (JVM running for 17.218)
HHH000397: Using ASTQueryTranslatorFactory
Shutting down ExecutorService 'applicationTaskExecutor'
Closing JPA EntityManagerFactory for persistence unit 'default'
HikariPool-1 - Shutdown initiated...
HikariPool-1 - Shutdown completed.
Starting ProductInfoServiceImplTest on WIN10-706241936 with PID 7252 (started by Administrator in E:\IDEA workpace\sell)
No active profile set, falling back to default profiles: default
Bootstrapping Spring Data repositories in DEFAULT mode.
Finished Spring Data repository scanning in 182ms. Found 5 repository interfaces.
Bean 'org.springframework.transaction.annotation.ProxyTransactionManagementConfiguration' of type [org.springframework.transaction.annotation.ProxyTransactionManagementConfiguration$$EnhancerBySpringCGLIB$$db2b2bf7] is not eligible for getting processed by all BeanPostProcessors (for example: not eligible for auto-proxying)
HikariPool-1 - Starting...
HikariPool-1 - Start completed.
HHH000204: Processing PersistenceUnitInfo [
	name: default
	...]
HHH000412: Hibernate Core {5.3.7.Final}
HHH000206: hibernate.properties not found
HCANN000001: Hibernate Commons Annotations {5.0.4.Final}
HHH000400: Using dialect: org.hibernate.dialect.MySQL5Dialect
Initialized JPA EntityManagerFactory for persistence unit 'default'
Initializing ExecutorService 'applicationTaskExecutor'
Started ProductInfoServiceImplTest in 13.924 seconds (JVM running for 16.36)
HHH000397: Using ASTQueryTranslatorFactory
Shutting down ExecutorService 'applicationTaskExecutor'
Closing JPA EntityManagerFactory for persistence unit 'default'
HikariPool-1 - Shutdown initiated...
HikariPool-1 - Shutdown completed.
Starting ProductInfoServiceImplTest on WIN10-706241936 with PID 17232 (started by Administrator in E:\IDEA workpace\sell)
No active profile set, falling back to default profiles: default
Bootstrapping Spring Data repositories in DEFAULT mode.
Finished Spring Data repository scanning in 146ms. Found 5 repository interfaces.
Bean 'org.springframework.transaction.annotation.ProxyTransactionManagementConfiguration' of type [org.springframework.transaction.annotation.ProxyTransactionManagementConfiguration$$EnhancerBySpringCGLIB$$a40a1be6] is not eligible for getting processed by all BeanPostProcessors (for example: not eligible for auto-proxying)
HikariPool-1 - Starting...
HikariPool-1 - Start completed.
HHH000204: Processing PersistenceUnitInfo [
	name: default
	...]
HHH000412: Hibernate Core {5.3.7.Final}
HHH000206: hibernate.properties not found
HCANN000001: Hibernate Commons Annotations {5.0.4.Final}
HHH000400: Using dialect: org.hibernate.dialect.MySQL5Dialect
Initialized JPA EntityManagerFactory for persistence unit 'default'
Initializing ExecutorService 'applicationTaskExecutor'
Started ProductInfoServiceImplTest in 11.978 seconds (JVM running for 14.402)
HHH000397: Using ASTQueryTranslatorFactory
Shutting down ExecutorService 'applicationTaskExecutor'
Closing JPA EntityManagerFactory for persistence unit 'default'
HikariPool-1 - Shutdown initiated...
HikariPool-1 - Shutdown completed.
Starting ProductInfoServiceImplTest on WIN10-706241936 with PID 5272 (started by Administrator in E:\IDEA workpace\sell)
No active profile set, falling back to default profiles: default
Bootstrapping Spring Data repositories in DEFAULT mode.
Finished Spring Data repository scanning in 125ms. Found 5 repository interfaces.
Bean 'org.springframework.transaction.annotation.ProxyTransactionManagementConfiguration' of type [org.springframework.transaction.annotation.ProxyTransactionManagementConfiguration$$EnhancerBySpringCGLIB$$ed7b5594] is not eligible for getting processed by all BeanPostProcessors (for example: not eligible for auto-proxying)
HikariPool-1 - Starting...
HikariPool-1 - Start completed.
HHH000204: Processing PersistenceUnitInfo [
	name: default
	...]
HHH000412: Hibernate Core {5.3.7.Final}
HHH000206: hibernate.properties not found
HCANN000001: Hibernate Commons Annotations {5.0.4.Final}
HHH000400: Using dialect: org.hibernate.dialect.MySQL5Dialect
Initialized JPA EntityManagerFactory for persistence unit 'default'
Initializing ExecutorService 'applicationTaskExecutor'
Started ProductInfoServiceImplTest in 11.618 seconds (JVM running for 14.074)
HHH000397: Using ASTQueryTranslatorFactory
Shutting down ExecutorService 'applicationTaskExecutor'
Closing JPA EntityManagerFactory for persistence unit 'default'
HikariPool-1 - Shutdown initiated...
HikariPool-1 - Shutdown completed.
Starting ProductInfoServiceImplTest on WIN10-706241936 with PID 16388 (started by Administrator in E:\IDEA workpace\sell)
No active profile set, falling back to default profiles: default
Bootstrapping Spring Data repositories in DEFAULT mode.
Finished Spring Data repository scanning in 149ms. Found 5 repository interfaces.
Bean 'org.springframework.transaction.annotation.ProxyTransactionManagementConfiguration' of type [org.springframework.transaction.annotation.ProxyTransactionManagementConfiguration$$EnhancerBySpringCGLIB$$58e20e5f] is not eligible for getting processed by all BeanPostProcessors (for example: not eligible for auto-proxying)
HikariPool-1 - Starting...
HikariPool-1 - Start completed.
HHH000204: Processing PersistenceUnitInfo [
	name: default
	...]
HHH000412: Hibernate Core {5.3.7.Final}
HHH000206: hibernate.properties not found
HCANN000001: Hibernate Commons Annotations {5.0.4.Final}
HHH000400: Using dialect: org.hibernate.dialect.MySQL5Dialect
Initialized JPA EntityManagerFactory for persistence unit 'default'
Initializing ExecutorService 'applicationTaskExecutor'
Started ProductInfoServiceImplTest in 12.318 seconds (JVM running for 14.976)
HHH000397: Using ASTQueryTranslatorFactory
Shutting down ExecutorService 'applicationTaskExecutor'
Closing JPA EntityManagerFactory for persistence unit 'default'
HikariPool-1 - Shutdown initiated...
HikariPool-1 - Shutdown completed.
Starting SellApplication on WIN10-706241936 with PID 20100 (started by Administrator in E:\IDEA workpace\sell)
No active profile set, falling back to default profiles: default
Bootstrapping Spring Data repositories in DEFAULT mode.
Finished Spring Data repository scanning in 101ms. Found 5 repository interfaces.
Bean 'org.springframework.transaction.annotation.ProxyTransactionManagementConfiguration' of type [org.springframework.transaction.annotation.ProxyTransactionManagementConfiguration$$EnhancerBySpringCGLIB$$b5189d38] is not eligible for getting processed by all BeanPostProcessors (for example: not eligible for auto-proxying)
Tomcat initialized with port(s): 8080 (http)
Initializing ProtocolHandler ["http-nio-8080"]
Starting service [Tomcat]
Starting Servlet engine: [Apache Tomcat/9.0.16]
An older version [1.2.16] of the APR based Apache Tomcat Native library is installed, while Tomcat recommends a minimum version of [1.2.21]
Loaded APR based Apache Tomcat Native library [1.2.16] using APR version [1.6.3].
APR capabilities: IPv6 [true], sendfile [true], accept filters [false], random [true].
APR/OpenSSL configuration: useAprConnector [false], useOpenSSL [true]
OpenSSL successfully initialized [OpenSSL 1.0.2m  2 Nov 2017]
Initializing Spring embedded WebApplicationContext
Root WebApplicationContext: initialization completed in 3337 ms
HikariPool-1 - Starting...
HikariPool-1 - Start completed.
HHH000204: Processing PersistenceUnitInfo [
	name: default
	...]
HHH000412: Hibernate Core {5.3.7.Final}
HHH000206: hibernate.properties not found
HCANN000001: Hibernate Commons Annotations {5.0.4.Final}
HHH000400: Using dialect: org.hibernate.dialect.MySQL5Dialect
Initialized JPA EntityManagerFactory for persistence unit 'default'
Initializing ExecutorService 'applicationTaskExecutor'
Starting ProtocolHandler ["http-nio-8080"]
Tomcat started on port(s): 8080 (http) with context path ''
Started SellApplication in 7.101 seconds (JVM running for 10.39)
Initializing Spring DispatcherServlet 'dispatcherServlet'
Initializing Servlet 'dispatcherServlet'
Completed initialization in 14 ms
Starting SellApplication on WIN10-706241936 with PID 18024 (started by Administrator in E:\IDEA workpace\sell)
No active profile set, falling back to default profiles: default
Bootstrapping Spring Data repositories in DEFAULT mode.
Finished Spring Data repository scanning in 122ms. Found 5 repository interfaces.
Bean 'org.springframework.transaction.annotation.ProxyTransactionManagementConfiguration' of type [org.springframework.transaction.annotation.ProxyTransactionManagementConfiguration$$EnhancerBySpringCGLIB$$59017baf] is not eligible for getting processed by all BeanPostProcessors (for example: not eligible for auto-proxying)
Tomcat initialized with port(s): 8080 (http)
Initializing ProtocolHandler ["http-nio-8080"]
Starting service [Tomcat]
Starting Servlet engine: [Apache Tomcat/9.0.16]
An older version [1.2.16] of the APR based Apache Tomcat Native library is installed, while Tomcat recommends a minimum version of [1.2.21]
Loaded APR based Apache Tomcat Native library [1.2.16] using APR version [1.6.3].
APR capabilities: IPv6 [true], sendfile [true], accept filters [false], random [true].
APR/OpenSSL configuration: useAprConnector [false], useOpenSSL [true]
OpenSSL successfully initialized [OpenSSL 1.0.2m  2 Nov 2017]
Initializing Spring embedded WebApplicationContext
Root WebApplicationContext: initialization completed in 3644 ms
HikariPool-1 - Starting...
HikariPool-1 - Start completed.
HHH000204: Processing PersistenceUnitInfo [
	name: default
	...]
HHH000412: Hibernate Core {5.3.7.Final}
HHH000206: hibernate.properties not found
HCANN000001: Hibernate Commons Annotations {5.0.4.Final}
HHH000400: Using dialect: org.hibernate.dialect.MySQL5Dialect
Initialized JPA EntityManagerFactory for persistence unit 'default'
Initializing ExecutorService 'applicationTaskExecutor'
Starting ProtocolHandler ["http-nio-8080"]
Tomcat started on port(s): 8080 (http) with context path ''
Started SellApplication in 7.619 seconds (JVM running for 10.439)
Initializing Spring DispatcherServlet 'dispatcherServlet'
Initializing Servlet 'dispatcherServlet'
Completed initialization in 8 ms
Starting SellApplication on WIN10-706241936 with PID 6848 (started by Administrator in E:\IDEA workpace\sell)
No active profile set, falling back to default profiles: default
Bootstrapping Spring Data repositories in DEFAULT mode.
Finished Spring Data repository scanning in 169ms. Found 5 repository interfaces.
Bean 'org.springframework.transaction.annotation.ProxyTransactionManagementConfiguration' of type [org.springframework.transaction.annotation.ProxyTransactionManagementConfiguration$$EnhancerBySpringCGLIB$$9e37c577] is not eligible for getting processed by all BeanPostProcessors (for example: not eligible for auto-proxying)
Tomcat initialized with port(s): 8080 (http)
Initializing ProtocolHandler ["http-nio-8080"]
Starting service [Tomcat]
Starting Servlet engine: [Apache Tomcat/9.0.16]
An older version [1.2.16] of the APR based Apache Tomcat Native library is installed, while Tomcat recommends a minimum version of [1.2.21]
Loaded APR based Apache Tomcat Native library [1.2.16] using APR version [1.6.3].
APR capabilities: IPv6 [true], sendfile [true], accept filters [false], random [true].
APR/OpenSSL configuration: useAprConnector [false], useOpenSSL [true]
OpenSSL successfully initialized [OpenSSL 1.0.2m  2 Nov 2017]
Initializing Spring embedded WebApplicationContext
Root WebApplicationContext: initialization completed in 4417 ms
HikariPool-1 - Starting...
HikariPool-1 - Start completed.
HHH000204: Processing PersistenceUnitInfo [
	name: default
	...]
HHH000412: Hibernate Core {5.3.7.Final}
HHH000206: hibernate.properties not found
HCANN000001: Hibernate Commons Annotations {5.0.4.Final}
HHH000400: Using dialect: org.hibernate.dialect.MySQL5Dialect
Initialized JPA EntityManagerFactory for persistence unit 'default'
Initializing ExecutorService 'applicationTaskExecutor'
Starting ProtocolHandler ["http-nio-8080"]
Tomcat started on port(s): 8080 (http) with context path '/sell'
Started SellApplication in 10.591 seconds (JVM running for 13.789)
Initializing Spring DispatcherServlet 'dispatcherServlet'
Initializing Servlet 'dispatcherServlet'
Completed initialization in 11 ms
Starting SellApplication on WIN10-706241936 with PID 16124 (started by Administrator in E:\IDEA workpace\sell)
No active profile set, falling back to default profiles: default
Bootstrapping Spring Data repositories in DEFAULT mode.
Finished Spring Data repository scanning in 99ms. Found 5 repository interfaces.
Bean 'org.springframework.transaction.annotation.ProxyTransactionManagementConfiguration' of type [org.springframework.transaction.annotation.ProxyTransactionManagementConfiguration$$EnhancerBySpringCGLIB$$d0c5293c] is not eligible for getting processed by all BeanPostProcessors (for example: not eligible for auto-proxying)
Tomcat initialized with port(s): 8080 (http)
Initializing ProtocolHandler ["http-nio-8080"]
Starting service [Tomcat]
Starting Servlet engine: [Apache Tomcat/9.0.16]
An older version [1.2.16] of the APR based Apache Tomcat Native library is installed, while Tomcat recommends a minimum version of [1.2.21]
Loaded APR based Apache Tomcat Native library [1.2.16] using APR version [1.6.3].
APR capabilities: IPv6 [true], sendfile [true], accept filters [false], random [true].
APR/OpenSSL configuration: useAprConnector [false], useOpenSSL [true]
OpenSSL successfully initialized [OpenSSL 1.0.2m  2 Nov 2017]
Initializing Spring embedded WebApplicationContext
Root WebApplicationContext: initialization completed in 3351 ms
HikariPool-1 - Starting...
HikariPool-1 - Start completed.
HHH000204: Processing PersistenceUnitInfo [
	name: default
	...]
HHH000412: Hibernate Core {5.3.7.Final}
HHH000206: hibernate.properties not found
HCANN000001: Hibernate Commons Annotations {5.0.4.Final}
HHH000400: Using dialect: org.hibernate.dialect.MySQL5Dialect
Initialized JPA EntityManagerFactory for persistence unit 'default'
Initializing ExecutorService 'applicationTaskExecutor'
Starting ProtocolHandler ["http-nio-8080"]
Tomcat started on port(s): 8080 (http) with context path ''
Started SellApplication in 7.733 seconds (JVM running for 10.273)
Initializing Spring DispatcherServlet 'dispatcherServlet'
Initializing Servlet 'dispatcherServlet'
Completed initialization in 14 ms
Starting SellApplication on WIN10-706241936 with PID 9048 (started by Administrator in E:\IDEA workpace\sell)
No active profile set, falling back to default profiles: default
Bootstrapping Spring Data repositories in DEFAULT mode.
Finished Spring Data repository scanning in 120ms. Found 5 repository interfaces.
Bean 'org.springframework.transaction.annotation.ProxyTransactionManagementConfiguration' of type [org.springframework.transaction.annotation.ProxyTransactionManagementConfiguration$$EnhancerBySpringCGLIB$$fdecd722] is not eligible for getting processed by all BeanPostProcessors (for example: not eligible for auto-proxying)
Tomcat initialized with port(s): 8080 (http)
Initializing ProtocolHandler ["http-nio-8080"]
Starting service [Tomcat]
Starting Servlet engine: [Apache Tomcat/9.0.16]
An older version [1.2.16] of the APR based Apache Tomcat Native library is installed, while Tomcat recommends a minimum version of [1.2.21]
Loaded APR based Apache Tomcat Native library [1.2.16] using APR version [1.6.3].
APR capabilities: IPv6 [true], sendfile [true], accept filters [false], random [true].
APR/OpenSSL configuration: useAprConnector [false], useOpenSSL [true]
OpenSSL successfully initialized [OpenSSL 1.0.2m  2 Nov 2017]
Initializing Spring embedded WebApplicationContext
Root WebApplicationContext: initialization completed in 3628 ms
HikariPool-1 - Starting...
HikariPool-1 - Start completed.
HHH000204: Processing PersistenceUnitInfo [
	name: default
	...]
HHH000412: Hibernate Core {5.3.7.Final}
HHH000206: hibernate.properties not found
HCANN000001: Hibernate Commons Annotations {5.0.4.Final}
HHH000400: Using dialect: org.hibernate.dialect.MySQL5Dialect
Initialized JPA EntityManagerFactory for persistence unit 'default'
Initializing ExecutorService 'applicationTaskExecutor'
Starting ProtocolHandler ["http-nio-8080"]
Tomcat started on port(s): 8080 (http) with context path ''
Started SellApplication in 8.759 seconds (JVM running for 11.869)
Initializing Spring DispatcherServlet 'dispatcherServlet'
Initializing Servlet 'dispatcherServlet'
Completed initialization in 12 ms
HHH000397: Using ASTQueryTranslatorFactory
Starting SellApplication on WIN10-706241936 with PID 19788 (started by Administrator in E:\IDEA workpace\sell)
No active profile set, falling back to default profiles: default
Bootstrapping Spring Data repositories in DEFAULT mode.
Finished Spring Data repository scanning in 165ms. Found 5 repository interfaces.
Bean 'org.springframework.transaction.annotation.ProxyTransactionManagementConfiguration' of type [org.springframework.transaction.annotation.ProxyTransactionManagementConfiguration$$EnhancerBySpringCGLIB$$d2cd7f8a] is not eligible for getting processed by all BeanPostProcessors (for example: not eligible for auto-proxying)
Tomcat initialized with port(s): 8080 (http)
Initializing ProtocolHandler ["http-nio-8080"]
Starting service [Tomcat]
Starting Servlet engine: [Apache Tomcat/9.0.16]
An older version [1.2.16] of the APR based Apache Tomcat Native library is installed, while Tomcat recommends a minimum version of [1.2.21]
Loaded APR based Apache Tomcat Native library [1.2.16] using APR version [1.6.3].
APR capabilities: IPv6 [true], sendfile [true], accept filters [false], random [true].
APR/OpenSSL configuration: useAprConnector [false], useOpenSSL [true]
OpenSSL successfully initialized [OpenSSL 1.0.2m  2 Nov 2017]
Initializing Spring embedded WebApplicationContext
Root WebApplicationContext: initialization completed in 2950 ms
HikariPool-1 - Starting...
HikariPool-1 - Start completed.
HHH000204: Processing PersistenceUnitInfo [
	name: default
	...]
HHH000412: Hibernate Core {5.3.7.Final}
HHH000206: hibernate.properties not found
HCANN000001: Hibernate Commons Annotations {5.0.4.Final}
HHH000400: Using dialect: org.hibernate.dialect.MySQL5Dialect
Initialized JPA EntityManagerFactory for persistence unit 'default'
Initializing ExecutorService 'applicationTaskExecutor'
Starting ProtocolHandler ["http-nio-8080"]
Tomcat started on port(s): 8080 (http) with context path ''
Started SellApplication in 6.641 seconds (JVM running for 8.96)
Initializing Spring DispatcherServlet 'dispatcherServlet'
Initializing Servlet 'dispatcherServlet'
Completed initialization in 9 ms
HHH000397: Using ASTQueryTranslatorFactory
Starting OrderMasterServiceImplTest on WIN10-706241936 with PID 19700 (started by Administrator in E:\IDEA workpace\sell)
No active profile set, falling back to default profiles: default
Bootstrapping Spring Data repositories in DEFAULT mode.
Finished Spring Data repository scanning in 221ms. Found 5 repository interfaces.
Bean 'org.springframework.transaction.annotation.ProxyTransactionManagementConfiguration' of type [org.springframework.transaction.annotation.ProxyTransactionManagementConfiguration$$EnhancerBySpringCGLIB$$e78f9e5b] is not eligible for getting processed by all BeanPostProcessors (for example: not eligible for auto-proxying)
HikariPool-1 - Starting...
HikariPool-1 - Start completed.
HHH000204: Processing PersistenceUnitInfo [
	name: default
	...]
HHH000412: Hibernate Core {5.3.7.Final}
HHH000206: hibernate.properties not found
HCANN000001: Hibernate Commons Annotations {5.0.4.Final}
HHH000400: Using dialect: org.hibernate.dialect.MySQL5Dialect
Initialized JPA EntityManagerFactory for persistence unit 'default'
Initializing ExecutorService 'applicationTaskExecutor'
Started OrderMasterServiceImplTest in 13.334 seconds (JVM running for 17.06)
Shutting down ExecutorService 'applicationTaskExecutor'
Closing JPA EntityManagerFactory for persistence unit 'default'
HikariPool-1 - Shutdown initiated...
HikariPool-1 - Shutdown completed.
Starting OrderMasterServiceImplTest on WIN10-706241936 with PID 6920 (started by Administrator in E:\IDEA workpace\sell)
No active profile set, falling back to default profiles: default
Bootstrapping Spring Data repositories in DEFAULT mode.
Finished Spring Data repository scanning in 148ms. Found 5 repository interfaces.
Bean 'org.springframework.transaction.annotation.ProxyTransactionManagementConfiguration' of type [org.springframework.transaction.annotation.ProxyTransactionManagementConfiguration$$EnhancerBySpringCGLIB$$8f36c1b5] is not eligible for getting processed by all BeanPostProcessors (for example: not eligible for auto-proxying)
HikariPool-1 - Starting...
HikariPool-1 - Start completed.
HHH000204: Processing PersistenceUnitInfo [
	name: default
	...]
HHH000412: Hibernate Core {5.3.7.Final}
HHH000206: hibernate.properties not found
HCANN000001: Hibernate Commons Annotations {5.0.4.Final}
HHH000400: Using dialect: org.hibernate.dialect.MySQL5Dialect
Initialized JPA EntityManagerFactory for persistence unit 'default'
Initializing ExecutorService 'applicationTaskExecutor'
Started OrderMasterServiceImplTest in 11.609 seconds (JVM running for 14.31)
HHH000397: Using ASTQueryTranslatorFactory
Shutting down ExecutorService 'applicationTaskExecutor'
Closing JPA EntityManagerFactory for persistence unit 'default'
HikariPool-1 - Shutdown initiated...
HikariPool-1 - Shutdown completed.
Starting OrderMasterServiceImplTest on WIN10-706241936 with PID 3664 (started by Administrator in E:\IDEA workpace\sell)
No active profile set, falling back to default profiles: default
Bootstrapping Spring Data repositories in DEFAULT mode.
Finished Spring Data repository scanning in 212ms. Found 5 repository interfaces.
Bean 'org.springframework.transaction.annotation.ProxyTransactionManagementConfiguration' of type [org.springframework.transaction.annotation.ProxyTransactionManagementConfiguration$$EnhancerBySpringCGLIB$$23df008] is not eligible for getting processed by all BeanPostProcessors (for example: not eligible for auto-proxying)
HikariPool-1 - Starting...
HikariPool-1 - Start completed.
HHH000204: Processing PersistenceUnitInfo [
	name: default
	...]
HHH000412: Hibernate Core {5.3.7.Final}
HHH000206: hibernate.properties not found
HCANN000001: Hibernate Commons Annotations {5.0.4.Final}
HHH000400: Using dialect: org.hibernate.dialect.MySQL5Dialect
Initialized JPA EntityManagerFactory for persistence unit 'default'
Initializing ExecutorService 'applicationTaskExecutor'
Started OrderMasterServiceImplTest in 10.275 seconds (JVM running for 12.153)
HHH000397: Using ASTQueryTranslatorFactory
Shutting down ExecutorService 'applicationTaskExecutor'
Closing JPA EntityManagerFactory for persistence unit 'default'
HikariPool-1 - Shutdown initiated...
HikariPool-1 - Shutdown completed.
Starting OrderMasterServiceImplTest on WIN10-706241936 with PID 1176 (started by Administrator in E:\IDEA workpace\sell)
No active profile set, falling back to default profiles: default
Bootstrapping Spring Data repositories in DEFAULT mode.
Finished Spring Data repository scanning in 161ms. Found 5 repository interfaces.
Bean 'org.springframework.transaction.annotation.ProxyTransactionManagementConfiguration' of type [org.springframework.transaction.annotation.ProxyTransactionManagementConfiguration$$EnhancerBySpringCGLIB$$8f36c1b5] is not eligible for getting processed by all BeanPostProcessors (for example: not eligible for auto-proxying)
HikariPool-1 - Starting...
HikariPool-1 - Start completed.
HHH000204: Processing PersistenceUnitInfo [
	name: default
	...]
HHH000412: Hibernate Core {5.3.7.Final}
HHH000206: hibernate.properties not found
HCANN000001: Hibernate Commons Annotations {5.0.4.Final}
HHH000400: Using dialect: org.hibernate.dialect.MySQL5Dialect
Initialized JPA EntityManagerFactory for persistence unit 'default'
Initializing ExecutorService 'applicationTaskExecutor'
Started OrderMasterServiceImplTest in 10.098 seconds (JVM running for 12.112)
HHH000397: Using ASTQueryTranslatorFactory
Shutting down ExecutorService 'applicationTaskExecutor'
Closing JPA EntityManagerFactory for persistence unit 'default'
HikariPool-1 - Shutdown initiated...
HikariPool-1 - Shutdown completed.
Starting OrderMasterServiceImplTest on WIN10-706241936 with PID 11620 (started by Administrator in E:\IDEA workpace\sell)
No active profile set, falling back to default profiles: default
Bootstrapping Spring Data repositories in DEFAULT mode.
Finished Spring Data repository scanning in 174ms. Found 5 repository interfaces.
Bean 'org.springframework.transaction.annotation.ProxyTransactionManagementConfiguration' of type [org.springframework.transaction.annotation.ProxyTransactionManagementConfiguration$$EnhancerBySpringCGLIB$$23df008] is not eligible for getting processed by all BeanPostProcessors (for example: not eligible for auto-proxying)
HikariPool-1 - Starting...
HikariPool-1 - Start completed.
HHH000204: Processing PersistenceUnitInfo [
	name: default
	...]
HHH000412: Hibernate Core {5.3.7.Final}
HHH000206: hibernate.properties not found
HCANN000001: Hibernate Commons Annotations {5.0.4.Final}
HHH000400: Using dialect: org.hibernate.dialect.MySQL5Dialect
Initialized JPA EntityManagerFactory for persistence unit 'default'
Initializing ExecutorService 'applicationTaskExecutor'
Started OrderMasterServiceImplTest in 10.152 seconds (JVM running for 12.281)
Shutting down ExecutorService 'applicationTaskExecutor'
Closing JPA EntityManagerFactory for persistence unit 'default'
HikariPool-1 - Shutdown initiated...
HikariPool-1 - Shutdown completed.
Starting OrderMasterServiceImplTest on WIN10-706241936 with PID 10244 (started by Administrator in E:\IDEA workpace\sell)
No active profile set, falling back to default profiles: default
Bootstrapping Spring Data repositories in DEFAULT mode.
Finished Spring Data repository scanning in 190ms. Found 5 repository interfaces.
Bean 'org.springframework.transaction.annotation.ProxyTransactionManagementConfiguration' of type [org.springframework.transaction.annotation.ProxyTransactionManagementConfiguration$$EnhancerBySpringCGLIB$$d0febfe8] is not eligible for getting processed by all BeanPostProcessors (for example: not eligible for auto-proxying)
HikariPool-1 - Starting...
HikariPool-1 - Start completed.
HHH000204: Processing PersistenceUnitInfo [
	name: default
	...]
HHH000412: Hibernate Core {5.3.7.Final}
HHH000206: hibernate.properties not found
HCANN000001: Hibernate Commons Annotations {5.0.4.Final}
HHH000400: Using dialect: org.hibernate.dialect.MySQL5Dialect
Initialized JPA EntityManagerFactory for persistence unit 'default'
Initializing ExecutorService 'applicationTaskExecutor'
Started OrderMasterServiceImplTest in 9.565 seconds (JVM running for 12.557)
Shutting down ExecutorService 'applicationTaskExecutor'
Closing JPA EntityManagerFactory for persistence unit 'default'
HikariPool-1 - Shutdown initiated...
HikariPool-1 - Shutdown completed.
Starting OrderMasterServiceImplTest on WIN10-706241936 with PID 528 (started by Administrator in E:\IDEA workpace\sell)
No active profile set, falling back to default profiles: default
Bootstrapping Spring Data repositories in DEFAULT mode.
Finished Spring Data repository scanning in 131ms. Found 5 repository interfaces.
Bean 'org.springframework.transaction.annotation.ProxyTransactionManagementConfiguration' of type [org.springframework.transaction.annotation.ProxyTransactionManagementConfiguration$$EnhancerBySpringCGLIB$$d0febfe8] is not eligible for getting processed by all BeanPostProcessors (for example: not eligible for auto-proxying)
HikariPool-1 - Starting...
HikariPool-1 - Start completed.
HHH000204: Processing PersistenceUnitInfo [
	name: default
	...]
HHH000412: Hibernate Core {5.3.7.Final}
HHH000206: hibernate.properties not found
HCANN000001: Hibernate Commons Annotations {5.0.4.Final}
HHH000400: Using dialect: org.hibernate.dialect.MySQL5Dialect
Initialized JPA EntityManagerFactory for persistence unit 'default'
Initializing ExecutorService 'applicationTaskExecutor'
Started OrderMasterServiceImplTest in 9.52 seconds (JVM running for 11.852)
Shutting down ExecutorService 'applicationTaskExecutor'
Closing JPA EntityManagerFactory for persistence unit 'default'
HikariPool-1 - Shutdown initiated...
HikariPool-1 - Shutdown completed.
Starting OrderMasterServiceImplTest on WIN10-706241936 with PID 20100 (started by Administrator in E:\IDEA workpace\sell)
No active profile set, falling back to default profiles: default
Bootstrapping Spring Data repositories in DEFAULT mode.
Finished Spring Data repository scanning in 218ms. Found 5 repository interfaces.
Bean 'org.springframework.transaction.annotation.ProxyTransactionManagementConfiguration' of type [org.springframework.transaction.annotation.ProxyTransactionManagementConfiguration$$EnhancerBySpringCGLIB$$4f23dc97] is not eligible for getting processed by all BeanPostProcessors (for example: not eligible for auto-proxying)
HikariPool-1 - Starting...
HikariPool-1 - Start completed.
HHH000204: Processing PersistenceUnitInfo [
	name: default
	...]
HHH000412: Hibernate Core {5.3.7.Final}
HHH000206: hibernate.properties not found
HCANN000001: Hibernate Commons Annotations {5.0.4.Final}
HHH000400: Using dialect: org.hibernate.dialect.MySQL5Dialect
Initialized JPA EntityManagerFactory for persistence unit 'default'
Initializing ExecutorService 'applicationTaskExecutor'
Started OrderMasterServiceImplTest in 16.749 seconds (JVM running for 18.607)
Shutting down ExecutorService 'applicationTaskExecutor'
Closing JPA EntityManagerFactory for persistence unit 'default'
HikariPool-1 - Shutdown initiated...
HikariPool-1 - Shutdown completed.
Starting OrderMasterServiceImplTest on WIN10-706241936 with PID 15488 (started by Administrator in E:\IDEA workpace\sell)
No active profile set, falling back to default profiles: default
Bootstrapping Spring Data repositories in DEFAULT mode.
Finished Spring Data repository scanning in 157ms. Found 5 repository interfaces.
Bean 'org.springframework.transaction.annotation.ProxyTransactionManagementConfiguration' of type [org.springframework.transaction.annotation.ProxyTransactionManagementConfiguration$$EnhancerBySpringCGLIB$$d0febfe8] is not eligible for getting processed by all BeanPostProcessors (for example: not eligible for auto-proxying)
HikariPool-1 - Starting...
HikariPool-1 - Start completed.
HHH000204: Processing PersistenceUnitInfo [
	name: default
	...]
HHH000412: Hibernate Core {5.3.7.Final}
HHH000206: hibernate.properties not found
HCANN000001: Hibernate Commons Annotations {5.0.4.Final}
HHH000400: Using dialect: org.hibernate.dialect.MySQL5Dialect
Initialized JPA EntityManagerFactory for persistence unit 'default'
Initializing ExecutorService 'applicationTaskExecutor'
Started OrderMasterServiceImplTest in 10.055 seconds (JVM running for 12.524)
HHH000397: Using ASTQueryTranslatorFactory
Shutting down ExecutorService 'applicationTaskExecutor'
Closing JPA EntityManagerFactory for persistence unit 'default'
HikariPool-1 - Shutdown initiated...
HikariPool-1 - Shutdown completed.
Starting OrderServiceImplTest on WIN10-706241936 with PID 11548 (started by Administrator in E:\IDEA workpace\sell)
No active profile set, falling back to default profiles: default
Bootstrapping Spring Data repositories in DEFAULT mode.
Finished Spring Data repository scanning in 166ms. Found 5 repository interfaces.
Bean 'org.springframework.transaction.annotation.ProxyTransactionManagementConfiguration' of type [org.springframework.transaction.annotation.ProxyTransactionManagementConfiguration$$EnhancerBySpringCGLIB$$59d21e49] is not eligible for getting processed by all BeanPostProcessors (for example: not eligible for auto-proxying)
HikariPool-1 - Starting...
HikariPool-1 - Start completed.
HHH000204: Processing PersistenceUnitInfo [
	name: default
	...]
HHH000412: Hibernate Core {5.3.7.Final}
HHH000206: hibernate.properties not found
HCANN000001: Hibernate Commons Annotations {5.0.4.Final}
HHH000400: Using dialect: org.hibernate.dialect.MySQL5Dialect
Initialized JPA EntityManagerFactory for persistence unit 'default'
Initializing ExecutorService 'applicationTaskExecutor'
Started OrderServiceImplTest in 9.739 seconds (JVM running for 11.765)
Shutting down ExecutorService 'applicationTaskExecutor'
Closing JPA EntityManagerFactory for persistence unit 'default'
HikariPool-1 - Shutdown initiated...
HikariPool-1 - Shutdown completed.
Starting OrderServiceImplTest on WIN10-706241936 with PID 6424 (started by Administrator in E:\IDEA workpace\sell)
No active profile set, falling back to default profiles: default
Bootstrapping Spring Data repositories in DEFAULT mode.
Finished Spring Data repository scanning in 168ms. Found 5 repository interfaces.
Bean 'org.springframework.transaction.annotation.ProxyTransactionManagementConfiguration' of type [org.springframework.transaction.annotation.ProxyTransactionManagementConfiguration$$EnhancerBySpringCGLIB$$23df008] is not eligible for getting processed by all BeanPostProcessors (for example: not eligible for auto-proxying)
HikariPool-1 - Starting...
HikariPool-1 - Start completed.
HHH000204: Processing PersistenceUnitInfo [
	name: default
	...]
HHH000412: Hibernate Core {5.3.7.Final}
HHH000206: hibernate.properties not found
HCANN000001: Hibernate Commons Annotations {5.0.4.Final}
HHH000400: Using dialect: org.hibernate.dialect.MySQL5Dialect
Initialized JPA EntityManagerFactory for persistence unit 'default'
Initializing ExecutorService 'applicationTaskExecutor'
Started OrderServiceImplTest in 10.01 seconds (JVM running for 11.9)
Shutting down ExecutorService 'applicationTaskExecutor'
Closing JPA EntityManagerFactory for persistence unit 'default'
HikariPool-1 - Shutdown initiated...
HikariPool-1 - Shutdown completed.
Starting OrderServiceImplTest on WIN10-706241936 with PID 15000 (started by Administrator in E:\IDEA workpace\sell)
No active profile set, falling back to default profiles: default
Bootstrapping Spring Data repositories in DEFAULT mode.
Finished Spring Data repository scanning in 162ms. Found 5 repository interfaces.
Bean 'org.springframework.transaction.annotation.ProxyTransactionManagementConfiguration' of type [org.springframework.transaction.annotation.ProxyTransactionManagementConfiguration$$EnhancerBySpringCGLIB$$59d21e49] is not eligible for getting processed by all BeanPostProcessors (for example: not eligible for auto-proxying)
HikariPool-1 - Starting...
HikariPool-1 - Start completed.
HHH000204: Processing PersistenceUnitInfo [
	name: default
	...]
HHH000412: Hibernate Core {5.3.7.Final}
HHH000206: hibernate.properties not found
HCANN000001: Hibernate Commons Annotations {5.0.4.Final}
HHH000400: Using dialect: org.hibernate.dialect.MySQL5Dialect
Initialized JPA EntityManagerFactory for persistence unit 'default'
Initializing ExecutorService 'applicationTaskExecutor'
Started OrderServiceImplTest in 9.96 seconds (JVM running for 12.18)
Shutting down ExecutorService 'applicationTaskExecutor'
Closing JPA EntityManagerFactory for persistence unit 'default'
HikariPool-1 - Shutdown initiated...
HikariPool-1 - Shutdown completed.
Starting OrderServiceImplTest on WIN10-706241936 with PID 10716 (started by Administrator in E:\IDEA workpace\sell)
No active profile set, falling back to default profiles: default
Bootstrapping Spring Data repositories in DEFAULT mode.
Finished Spring Data repository scanning in 182ms. Found 5 repository interfaces.
Bean 'org.springframework.transaction.annotation.ProxyTransactionManagementConfiguration' of type [org.springframework.transaction.annotation.ProxyTransactionManagementConfiguration$$EnhancerBySpringCGLIB$$f39c88ef] is not eligible for getting processed by all BeanPostProcessors (for example: not eligible for auto-proxying)
HikariPool-1 - Starting...
HikariPool-1 - Start completed.
HHH000204: Processing PersistenceUnitInfo [
	name: default
	...]
HHH000412: Hibernate Core {5.3.7.Final}
HHH000206: hibernate.properties not found
HCANN000001: Hibernate Commons Annotations {5.0.4.Final}
HHH000400: Using dialect: org.hibernate.dialect.MySQL5Dialect
Initialized JPA EntityManagerFactory for persistence unit 'default'
Initializing ExecutorService 'applicationTaskExecutor'
Started OrderServiceImplTest in 12.829 seconds (JVM running for 16.35)
Starting OrderServiceImplTest on WIN10-706241936 with PID 2824 (started by Administrator in E:\IDEA workpace\sell)
No active profile set, falling back to default profiles: default
Bootstrapping Spring Data repositories in DEFAULT mode.
Finished Spring Data repository scanning in 140ms. Found 5 repository interfaces.
Bean 'org.springframework.transaction.annotation.ProxyTransactionManagementConfiguration' of type [org.springframework.transaction.annotation.ProxyTransactionManagementConfiguration$$EnhancerBySpringCGLIB$$5b8a8fe5] is not eligible for getting processed by all BeanPostProcessors (for example: not eligible for auto-proxying)
HikariPool-1 - Starting...
HikariPool-1 - Start completed.
HHH000204: Processing PersistenceUnitInfo [
	name: default
	...]
HHH000412: Hibernate Core {5.3.7.Final}
HHH000206: hibernate.properties not found
HCANN000001: Hibernate Commons Annotations {5.0.4.Final}
HHH000400: Using dialect: org.hibernate.dialect.MySQL5Dialect
Initialized JPA EntityManagerFactory for persistence unit 'default'
Initializing ExecutorService 'applicationTaskExecutor'
Started OrderServiceImplTest in 17.529 seconds (JVM running for 21.142)
